==========================================
MPI Test: Multi_Node_16_Processes
Configuration: 4 node(s), 16 processes (4 per node)
==========================================

Hostfile content:
hpc11 slots=4
hpc12 slots=4
hpc13 slots=4
hpc14 slots=4

Testing 256x256 image
----------------------------
Run 1:
Reading image: sample_256.pgm
Image loaded: 256x256
MPI processes: 16
Rank 1: start_row=16, local_rows_actual=16, with_ghost=18
Rank 1: Allocated buffers successfully
Rank 1: Receiving data...
Rank 1: Received data
Rank 2: start_row=32, local_rows_actual=16, with_ghost=18
Rank 2: Allocated buffers successfully
Rank 2: Receiving data...
Rank 2: Received data
Rank 3: start_row=48, local_rows_actual=16, with_ghost=18
Rank 3: Allocated buffers successfully
Rank 3: Receiving data...
Rank 3: Received data
Rows per process: 16, Remainder: 0
Rank 0: start_row=0, local_rows_actual=16, with_ghost=17
Rank 0: Allocated buffers successfully
Root: Distributing data...
Root: Copying 16384 bytes to offset 0
Root: Sending to rank 1: start_row=15, count=18 rows
Root: Sending to rank 2: start_row=31, count=18 rows
Root: Sending to rank 3: start_row=47, count=18 rows
Root: Sending to rank 4: start_row=63, count=18 rows
Root: Sending to rank 5: start_row=79, count=18 rows
Rank 8: start_row=128, local_rows_actual=16, with_ghost=18
Rank 8: Allocated buffers successfully
Rank 8: Receiving data...
Rank 12: start_row=192, local_rows_actual=16, with_ghost=18
Rank 12: Allocated buffers successfully
Rank 12: Receiving data...
Rank 4: start_row=64, local_rows_actual=16, with_ghost=18
Rank 4: Allocated buffers successfully
Rank 4: Receiving data...
Rank 4: Received data
Rank 5: start_row=80, local_rows_actual=16, with_ghost=18
Rank 5: Allocated buffers successfully
Rank 5: Receiving data...
Rank 9: start_row=144, local_rows_actual=16, with_ghost=18
Rank 9: Allocated buffers successfully
Rank 9: Receiving data...
Rank 13: start_row=208, local_rows_actual=16, with_ghost=18
Rank 13: Allocated buffers successfully
Rank 13: Receiving data...
Rank 10: start_row=160, local_rows_actual=16, with_ghost=18
Rank 10: Allocated buffers successfully
Rank 10: Receiving data...
Rank 14: start_row=224, local_rows_actual=16, with_ghost=18
Rank 14: Allocated buffers successfully
Rank 14: Receiving data...
Rank 6: start_row=96, local_rows_actual=16, with_ghost=18
Rank 6: Allocated buffers successfully
Rank 6: Receiving data...
Rank 11: start_row=176, local_rows_actual=16, with_ghost=18
Rank 11: Allocated buffers successfully
Rank 11: Receiving data...
Rank 15: start_row=240, local_rows_actual=16, with_ghost=17
Rank 15: Allocated buffers successfully
Rank 15: Receiving data...
Rank 7: start_row=112, local_rows_actual=16, with_ghost=18
Rank 7: Allocated buffers successfully
Rank 7: Receiving data...
Root: Sending to rank 6: start_row=95, count=18 rows
Rank 5: Received data
Root: Sending to rank 7: start_row=111, count=18 rows
Rank 6: Received data
Root: Sending to rank 8: start_row=127, count=18 rows
Root: Sending to rank 9: start_row=143, count=18 rows
Rank 7: Received data
Rank 8: Received data
Root: Sending to rank 10: start_row=159, count=18 rows
Rank 9: Received data
Root: Sending to rank 11: start_row=175, count=18 rows
Rank 10: Received data
Root: Sending to rank 12: start_row=191, count=18 rows
Root: Sending to rank 13: start_row=207, count=18 rows
Rank 11: Received data
Rank 12: Received data
Root: Sending to rank 14: start_row=223, count=18 rows
Rank 13: Received data
Root: Sending to rank 15: start_row=239, count=17 rows
Rank 14: Received data
Root: Distribution complete
Rank 15: Received data
Rank 0: Starting blur filter...
Rank 3: Starting blur filter...
Rank 0: Blur complete
Rank 0: Starting Sobel filter...
Rank 8: Starting blur filter...
Rank 8: Blur complete
Rank 8: Starting Sobel filter...
Rank 1: Starting blur filter...
Rank 11: Starting blur filter...
Rank 15: Starting blur filter...
Rank 9: Starting blur filter...
Rank 3: Blur complete
Rank 3: Starting Sobel filter...
Rank 5: Starting blur filter...
Rank 2: Starting blur filter...
Rank 1: Blur complete
Rank 1: Starting Sobel filter...
Rank 13: Starting blur filter...
Rank 7: Starting blur filter...
Rank 14: Starting blur filter...
Rank 6: Starting blur filter...
Rank 11: Blur complete
Rank 11: Starting Sobel filter...
Rank 7: Blur complete
Rank 7: Starting Sobel filter...
Rank 15: Blur complete
Rank 15: Starting Sobel filter...
Rank 5: Blur complete
Rank 5: Starting Sobel filter...
Rank 10: Starting blur filter...
Rank 2: Blur complete
Rank 2: Starting Sobel filter...
Rank 9: Blur complete
Rank 9: Starting Sobel filter...
Rank 8: Sobel complete
Rank 14: Blur complete
Rank 14: Starting Sobel filter...
Rank 4: Starting blur filter...
Rank 12: Starting blur filter...
Rank 6: Blur complete
Rank 6: Starting Sobel filter...
Rank 3: Sobel complete
Rank 10: Blur complete
Rank 10: Starting Sobel filter...
Rank 13: Blur complete
Rank 13: Starting Sobel filter...
Rank 1: Sobel complete
Rank 12: Blur complete
Rank 12: Starting Sobel filter...
Rank 11: Sobel complete
Rank 15: Sobel complete
Rank 7: Sobel complete
Rank 4: Blur complete
Rank 4: Starting Sobel filter...
Rank 9: Sobel complete
Rank 5: Sobel complete
Rank 2: Sobel complete
Rank 14: Sobel complete
Rank 6: Sobel complete
Rank 12: Sobel complete
Rank 10: Sobel complete
Rank 0: Sobel complete
Rank 13: Sobel complete
Rank 4: Sobel complete
Processing completed in 0.001909 seconds
Writing output: output/sobel_mpi_256.pgm
Output saved successfully

Run 2:
Reading image: sample_256.pgm
Image loaded: 256x256
MPI processes: 16
Rank 1: start_row=16, local_rows_actual=16, with_ghost=18
Rank 1: Allocated buffers successfully
Rank 1: Receiving data...
Rank 1: Received data
Rank 2: start_row=32, local_rows_actual=16, with_ghost=18
Rank 2: Allocated buffers successfully
Rank 2: Receiving data...
Rank 2: Received data
Rank 3: start_row=48, local_rows_actual=16, with_ghost=18
Rank 3: Allocated buffers successfully
Rank 3: Receiving data...
Rank 3: Received data
Rows per process: 16, Remainder: 0
Rank 0: start_row=0, local_rows_actual=16, with_ghost=17
Rank 0: Allocated buffers successfully
Root: Distributing data...
Root: Copying 16384 bytes to offset 0
Root: Sending to rank 1: start_row=15, count=18 rows
Root: Sending to rank 2: start_row=31, count=18 rows
Root: Sending to rank 3: start_row=47, count=18 rows
Root: Sending to rank 4: start_row=63, count=18 rows
Root: Sending to rank 5: start_row=79, count=18 rows
Rank 15: start_row=240, local_rows_actual=16, with_ghost=17
Rank 15: Allocated buffers successfully
Rank 15: Receiving data...
Rank 12: start_row=192, local_rows_actual=16, with_ghost=18
Rank 12: Allocated buffers successfully
Rank 12: Receiving data...
Rank 13: start_row=208, local_rows_actual=16, with_ghost=18
Rank 13: Allocated buffers successfully
Rank 13: Receiving data...
Rank 14: start_row=224, local_rows_actual=16, with_ghost=18
Rank 14: Allocated buffers successfully
Rank 14: Receiving data...
Rank 4: start_row=64, local_rows_actual=16, with_ghost=18
Rank 4: Allocated buffers successfully
Rank 4: Receiving data...
Rank 4: Received data
Rank 8: start_row=128, local_rows_actual=16, with_ghost=18
Rank 8: Allocated buffers successfully
Rank 8: Receiving data...
Rank 9: start_row=144, local_rows_actual=16, with_ghost=18
Rank 9: Allocated buffers successfully
Rank 9: Receiving data...
Rank 5: start_row=80, local_rows_actual=16, with_ghost=18
Rank 5: Allocated buffers successfully
Rank 5: Receiving data...
Rank 10: start_row=160, local_rows_actual=16, with_ghost=18
Rank 10: Allocated buffers successfully
Rank 10: Receiving data...
Rank 6: start_row=96, local_rows_actual=16, with_ghost=18
Rank 6: Allocated buffers successfully
Rank 6: Receiving data...
Rank 11: start_row=176, local_rows_actual=16, with_ghost=18
Rank 11: Allocated buffers successfully
Rank 11: Receiving data...
Rank 7: start_row=112, local_rows_actual=16, with_ghost=18
Rank 7: Allocated buffers successfully
Rank 7: Receiving data...
Root: Sending to rank 6: start_row=95, count=18 rows
Rank 5: Received data
Root: Sending to rank 7: start_row=111, count=18 rows
Rank 6: Received data
Root: Sending to rank 8: start_row=127, count=18 rows
Root: Sending to rank 9: start_row=143, count=18 rows
Rank 7: Received data
Rank 8: Received data
Root: Sending to rank 10: start_row=159, count=18 rows
Rank 9: Received data
Root: Sending to rank 11: start_row=175, count=18 rows
Rank 10: Received data
Root: Sending to rank 12: start_row=191, count=18 rows
Root: Sending to rank 13: start_row=207, count=18 rows
Rank 11: Received data
Rank 12: Received data
Root: Sending to rank 14: start_row=223, count=18 rows
Rank 13: Received data
Root: Sending to rank 15: start_row=239, count=17 rows
Rank 14: Received data
Root: Distribution complete
Rank 15: Received data
Rank 0: Starting blur filter...
Rank 8: Starting blur filter...
Rank 3: Starting blur filter...
Rank 2: Starting blur filter...
Rank 8: Blur complete
Rank 8: Starting Sobel filter...
Rank 1: Starting blur filter...
Rank 11: Starting blur filter...
Rank 15: Starting blur filter...
Rank 7: Starting blur filter...
Rank 10: Starting blur filter...
Rank 3: Blur complete
Rank 3: Starting Sobel filter...
Rank 9: Starting blur filter...
Rank 2: Blur complete
Rank 2: Starting Sobel filter...
Rank 12: Starting blur filter...
Rank 4: Starting blur filter...
Rank 1: Blur complete
Rank 1: Starting Sobel filter...
Rank 11: Blur complete
Rank 11: Starting Sobel filter...
Rank 7: Blur complete
Rank 7: Starting Sobel filter...
Rank 9: Blur complete
Rank 9: Starting Sobel filter...
Rank 14: Starting blur filter...
Rank 6: Starting blur filter...
Rank 10: Blur complete
Rank 10: Starting Sobel filter...
Rank 13: Starting blur filter...
Rank 5: Starting blur filter...
Rank 12: Blur complete
Rank 12: Starting Sobel filter...
Rank 6: Blur complete
Rank 6: Starting Sobel filter...
Rank 15: Blur complete
Rank 15: Starting Sobel filter...
Rank 5: Blur complete
Rank 5: Starting Sobel filter...
Rank 14: Blur complete
Rank 14: Starting Sobel filter...
Rank 13: Blur complete
Rank 13: Starting Sobel filter...
Rank 3: Sobel complete
Rank 2: Sobel complete
Rank 4: Blur complete
Rank 4: Starting Sobel filter...
Rank 7: Sobel complete
Rank 1: Sobel complete
Rank 0: Blur complete
Rank 0: Starting Sobel filter...
Rank 9: Sobel complete
Rank 10: Sobel complete
Rank 12: Sobel complete
Rank 11: Sobel complete
Rank 8: Sobel complete
Rank 6: Sobel complete
Rank 5: Sobel complete
Rank 13: Sobel complete
Rank 14: Sobel complete
Rank 15: Sobel complete
Rank 4: Sobel complete
Rank 0: Sobel complete
Processing completed in 0.001310 seconds
Writing output: output/sobel_mpi_256.pgm
Output saved successfully

Run 3:
Reading image: sample_256.pgm
Image loaded: 256x256
MPI processes: 16
Rank 2: start_row=32, local_rows_actual=16, with_ghost=18
Rank 2: Allocated buffers successfully
Rank 2: Receiving data...
Rank 2: Received data
Rank 3: start_row=48, local_rows_actual=16, with_ghost=18
Rank 3: Allocated buffers successfully
Rank 3: Receiving data...
Rank 3: Received data
Rows per process: 16, Remainder: 0
Rank 0: start_row=0, local_rows_actual=16, with_ghost=17
Rank 0: Allocated buffers successfully
Root: Distributing data...
Root: Copying 16384 bytes to offset 0
Root: Sending to rank 1: start_row=15, count=18 rows
Root: Sending to rank 2: start_row=31, count=18 rows
Root: Sending to rank 3: start_row=47, count=18 rows
Root: Sending to rank 4: start_row=63, count=18 rows
Root: Sending to rank 5: start_row=79, count=18 rows
Rank 1: start_row=16, local_rows_actual=16, with_ghost=18
Rank 1: Allocated buffers successfully
Rank 1: Receiving data...
Rank 1: Received data
Rank 10: start_row=160, local_rows_actual=16, with_ghost=18
Rank 10: Allocated buffers successfully
Rank 10: Receiving data...
Rank 11: start_row=176, local_rows_actual=16, with_ghost=18
Rank 11: Allocated buffers successfully
Rank 11: Receiving data...
Rank 8: start_row=128, local_rows_actual=16, with_ghost=18
Rank 8: Allocated buffers successfully
Rank 8: Receiving data...
Rank 9: start_row=144, local_rows_actual=16, with_ghost=18
Rank 9: Allocated buffers successfully
Rank 9: Receiving data...
Rank 6: start_row=96, local_rows_actual=16, with_ghost=18
Rank 6: Allocated buffers successfully
Rank 6: Receiving data...
Rank 7: start_row=112, local_rows_actual=16, with_ghost=18
Rank 7: Allocated buffers successfully
Rank 7: Receiving data...
Rank 4: start_row=64, local_rows_actual=16, with_ghost=18
Rank 4: Allocated buffers successfully
Rank 4: Receiving data...
Rank 5: start_row=80, local_rows_actual=16, with_ghost=18
Rank 5: Allocated buffers successfully
Rank 5: Receiving data...
Rank 4: Received data
Root: Sending to rank 6: start_row=95, count=18 rows
Rank 14: start_row=224, local_rows_actual=16, with_ghost=18
Rank 14: Allocated buffers successfully
Rank 14: Receiving data...
Rank 15: start_row=240, local_rows_actual=16, with_ghost=17
Rank 15: Allocated buffers successfully
Rank 15: Receiving data...
Rank 12: start_row=192, local_rows_actual=16, with_ghost=18
Rank 12: Allocated buffers successfully
Rank 12: Receiving data...
Rank 13: start_row=208, local_rows_actual=16, with_ghost=18
Rank 13: Allocated buffers successfully
Rank 13: Receiving data...
Rank 5: Received data
Root: Sending to rank 7: start_row=111, count=18 rows
Rank 6: Received data
Root: Sending to rank 8: start_row=127, count=18 rows
Root: Sending to rank 9: start_row=143, count=18 rows
Rank 7: Received data
Rank 8: Received data
Root: Sending to rank 10: start_row=159, count=18 rows
Rank 9: Received data
Root: Sending to rank 11: start_row=175, count=18 rows
Rank 10: Received data
Root: Sending to rank 12: start_row=191, count=18 rows
Root: Sending to rank 13: start_row=207, count=18 rows
Rank 11: Received data
Rank 12: Received data
Root: Sending to rank 14: start_row=223, count=18 rows
Rank 13: Received data
Root: Sending to rank 15: start_row=239, count=17 rows
Rank 14: Received data
Root: Distribution complete
Rank 15: Received data
Rank 0: Starting blur filter...
Rank 8: Starting blur filter...
Rank 8: Blur complete
Rank 8: Starting Sobel filter...
Rank 2: Starting blur filter...
Rank 0: Blur complete
Rank 0: Starting Sobel filter...
Rank 1: Starting blur filter...
Rank 3: Starting blur filter...
Rank 13: Starting blur filter...
Rank 9: Starting blur filter...
Rank 12: Starting blur filter...
Rank 10: Starting blur filter...
Rank 2: Blur complete
Rank 2: Starting Sobel filter...
Rank 11: Starting blur filter...
Rank 14: Starting blur filter...
Rank 1: Blur complete
Rank 1: Starting Sobel filter...
Rank 15: Starting blur filter...
Rank 3: Blur complete
Rank 3: Starting Sobel filter...
Rank 4: Starting blur filter...
Rank 9: Blur complete
Rank 9: Starting Sobel filter...
Rank 12: Blur complete
Rank 12: Starting Sobel filter...
Rank 5: Starting blur filter...
Rank 8: Sobel complete
Rank 7: Starting blur filter...
Rank 14: Blur complete
Rank 14: Starting Sobel filter...
Rank 5: Blur complete
Rank 5: Starting Sobel filter...
Rank 11: Blur complete
Rank 11: Starting Sobel filter...
Rank 15: Blur complete
Rank 15: Starting Sobel filter...
Rank 4: Blur complete
Rank 4: Starting Sobel filter...
Rank 6: Starting blur filter...
Rank 7: Blur complete
Rank 7: Starting Sobel filter...
Rank 10: Blur complete
Rank 10: Starting Sobel filter...
Rank 2: Sobel complete
Rank 13: Blur complete
Rank 13: Starting Sobel filter...
Rank 6: Blur complete
Rank 6: Starting Sobel filter...
Rank 1: Sobel complete
Rank 3: Sobel complete
Rank 9: Sobel complete
Rank 12: Sobel complete
Rank 4: Sobel complete
Rank 5: Sobel complete
Rank 11: Sobel complete
Rank 14: Sobel complete
Rank 7: Sobel complete
Rank 15: Sobel complete
Rank 10: Sobel complete
Rank 0: Sobel complete
Rank 13: Sobel complete
Rank 6: Sobel complete
Processing completed in 0.001273 seconds
Writing output: output/sobel_mpi_256.pgm
Output saved successfully


Testing 1024x1024 image
----------------------------
Run 1:
Reading image: sample_1024.pgm
Image loaded: 1024x1024
MPI processes: 16
Rank 3: start_row=192, local_rows_actual=64, with_ghost=66
Rank 3: Allocated buffers successfully
Rank 3: Receiving data...
Rank 3: Received data
Rows per process: 64, Remainder: 0
Rank 0: start_row=0, local_rows_actual=64, with_ghost=65
Rank 0: Allocated buffers successfully
Root: Distributing data...
Root: Copying 262144 bytes to offset 0
Root: Sending to rank 1: start_row=63, count=66 rows
Root: Sending to rank 2: start_row=127, count=66 rows
Root: Sending to rank 3: start_row=191, count=66 rows
Root: Sending to rank 4: start_row=255, count=66 rows
Root: Sending to rank 5: start_row=319, count=66 rows
Rank 1: start_row=64, local_rows_actual=64, with_ghost=66
Rank 1: Allocated buffers successfully
Rank 1: Receiving data...
Rank 1: Received data
Rank 2: start_row=128, local_rows_actual=64, with_ghost=66
Rank 2: Allocated buffers successfully
Rank 2: Receiving data...
Rank 2: Received data
Rank 11: start_row=704, local_rows_actual=64, with_ghost=66
Rank 11: Allocated buffers successfully
Rank 4: start_row=256, local_rows_actual=64, with_ghost=66
Rank 4: Allocated buffers successfully
Rank 4: Receiving data...
Rank 8: start_row=512, local_rows_actual=64, with_ghost=66
Rank 8: Allocated buffers successfully
Rank 8: Receiving data...
Rank 5: start_row=320, local_rows_actual=64, with_ghost=66
Rank 5: Allocated buffers successfully
Rank 5: Receiving data...
Rank 9: start_row=576, local_rows_actual=64, with_ghost=66
Rank 9: Allocated buffers successfully
Rank 6: start_row=384, local_rows_actual=64, with_ghost=66
Rank 6: Allocated buffers successfully
Rank 6: Receiving data...
Rank 7: start_row=448, local_rows_actual=64, with_ghost=66
Rank 7: Allocated buffers successfully
Rank 7: Receiving data...
Rank 10: start_row=640, local_rows_actual=64, with_ghost=66
Rank 10: Allocated buffers successfully
Rank 10: Receiving data...
Rank 11: Receiving data...
Rank 9: Receiving data...
Rank 4: Received data
Rank 13: start_row=832, local_rows_actual=64, with_ghost=66
Rank 13: Allocated buffers successfully
Rank 13: Receiving data...
Rank 14: start_row=896, local_rows_actual=64, with_ghost=66
Rank 14: Allocated buffers successfully
Rank 14: Receiving data...
Rank 15: start_row=960, local_rows_actual=64, with_ghost=65
Rank 15: Allocated buffers successfully
Rank 15: Receiving data...
Rank 12: start_row=768, local_rows_actual=64, with_ghost=66
Rank 12: Allocated buffers successfully
Rank 12: Receiving data...
Root: Sending to rank 6: start_row=383, count=66 rows
Rank 5: Received data
Root: Sending to rank 7: start_row=447, count=66 rows
Rank 6: Received data
Root: Sending to rank 8: start_row=511, count=66 rows
Rank 7: Received data
Root: Sending to rank 9: start_row=575, count=66 rows
Rank 8: Received data
Root: Sending to rank 10: start_row=639, count=66 rows
Rank 9: Received data
Root: Sending to rank 11: start_row=703, count=66 rows
Rank 10: Received data
Root: Sending to rank 12: start_row=767, count=66 rows
Rank 11: Received data
Root: Sending to rank 13: start_row=831, count=66 rows
Rank 12: Received data
Root: Sending to rank 14: start_row=895, count=66 rows
Rank 13: Received data
Root: Sending to rank 15: start_row=959, count=65 rows
Rank 14: Received data
Root: Distribution complete
Rank 15: Received data
Rank 0: Starting blur filter...
Rank 1: Starting blur filter...
Rank 3: Starting blur filter...
Rank 8: Starting blur filter...
Rank 11: Starting blur filter...
Rank 9: Starting blur filter...
Rank 12: Starting blur filter...
Rank 15: Starting blur filter...
Rank 14: Starting blur filter...
Rank 7: Starting blur filter...
Rank 2: Starting blur filter...
Rank 13: Starting blur filter...
Rank 6: Starting blur filter...
Rank 4: Starting blur filter...
Rank 10: Starting blur filter...
Rank 5: Starting blur filter...
Rank 3: Blur complete
Rank 3: Starting Sobel filter...
Rank 1: Blur complete
Rank 1: Starting Sobel filter...
Rank 8: Blur complete
Rank 8: Starting Sobel filter...
Rank 9: Blur complete
Rank 9: Starting Sobel filter...
Rank 11: Blur complete
Rank 11: Starting Sobel filter...
Rank 7: Blur complete
Rank 7: Starting Sobel filter...
Rank 2: Blur complete
Rank 2: Starting Sobel filter...
Rank 0: Blur complete
Rank 4: Blur complete
Rank 4: Starting Sobel filter...
Rank 5: Blur complete
Rank 5: Starting Sobel filter...
Rank 15: Blur complete
Rank 15: Starting Sobel filter...
Rank 14: Blur complete
Rank 14: Starting Sobel filter...
Rank 13: Blur complete
Rank 13: Starting Sobel filter...
Rank 0: Starting Sobel filter...
Rank 6: Blur complete
Rank 6: Starting Sobel filter...
Rank 12: Blur complete
Rank 12: Starting Sobel filter...
Rank 10: Blur complete
Rank 10: Starting Sobel filter...
Rank 3: Sobel complete
Rank 1: Sobel complete
Rank 9: Sobel complete
Rank 4: Sobel complete
Rank 2: Sobel complete
Rank 11: Sobel complete
Rank 7: Sobel complete
Rank 15: Sobel complete
Rank 8: Sobel complete
Rank 5: Sobel complete
Rank 14: Sobel complete
Rank 13: Sobel complete
Rank 0: Sobel complete
Rank 10: Sobel complete
Rank 12: Sobel complete
Rank 6: Sobel complete
Processing completed in 0.009020 seconds
Writing output: output/sobel_mpi_1024.pgm
Output saved successfully

Run 2:
Reading image: sample_1024.pgm
Image loaded: 1024x1024
MPI processes: 16
Rank 1: start_row=64, local_rows_actual=64, with_ghost=66
Rank 1: Allocated buffers successfully
Rank 1: Receiving data...
Rank 1: Received data
Rank 2: start_row=128, local_rows_actual=64, with_ghost=66
Rank 2: Allocated buffers successfully
Rank 2: Receiving data...
Rank 2: Received data
Rank 3: start_row=192, local_rows_actual=64, with_ghost=66
Rank 3: Allocated buffers successfully
Rank 3: Receiving data...
Rank 3: Received data
Rows per process: 64, Remainder: 0
Rank 0: start_row=0, local_rows_actual=64, with_ghost=65
Rank 0: Allocated buffers successfully
Root: Distributing data...
Root: Copying 262144 bytes to offset 0
Root: Sending to rank 1: start_row=63, count=66 rows
Root: Sending to rank 2: start_row=127, count=66 rows
Root: Sending to rank 3: start_row=191, count=66 rows
Root: Sending to rank 4: start_row=255, count=66 rows
Rank 10: start_row=640, local_rows_actual=64, with_ghost=66
Rank 10: Allocated buffers successfully
Rank 15: start_row=960, local_rows_actual=64, with_ghost=65
Rank 15: Allocated buffers successfully
Rank 15: Receiving data...
Rank 4: start_row=256, local_rows_actual=64, with_ghost=66
Rank 4: Allocated buffers successfully
Rank 4: Receiving data...
Rank 11: start_row=704, local_rows_actual=64, with_ghost=66
Rank 11: Allocated buffers successfully
Rank 12: start_row=768, local_rows_actual=64, with_ghost=66
Rank 12: Allocated buffers successfully
Rank 12: Receiving data...
Rank 5: start_row=320, local_rows_actual=64, with_ghost=66
Rank 5: Allocated buffers successfully
Rank 5: Receiving data...
Rank 8: start_row=512, local_rows_actual=64, with_ghost=66
Rank 8: Allocated buffers successfully
Rank 13: start_row=832, local_rows_actual=64, with_ghost=66
Rank 13: Allocated buffers successfully
Rank 13: Receiving data...
Rank 6: start_row=384, local_rows_actual=64, with_ghost=66
Rank 6: Allocated buffers successfully
Rank 6: Receiving data...
Rank 7: start_row=448, local_rows_actual=64, with_ghost=66
Rank 7: Allocated buffers successfully
Rank 9: start_row=576, local_rows_actual=64, with_ghost=66
Rank 9: Allocated buffers successfully
Rank 14: start_row=896, local_rows_actual=64, with_ghost=66
Rank 14: Allocated buffers successfully
Rank 14: Receiving data...
Rank 7: Receiving data...
Root: Sending to rank 5: start_row=319, count=66 rows
Rank 4: Received data
Rank 11: Receiving data...
Rank 8: Receiving data...
Rank 10: Receiving data...
Rank 9: Receiving data...
Root: Sending to rank 6: start_row=383, count=66 rows
Rank 5: Received data
Root: Sending to rank 7: start_row=447, count=66 rows
Rank 6: Received data
Root: Sending to rank 8: start_row=511, count=66 rows
Rank 7: Received data
Root: Sending to rank 9: start_row=575, count=66 rows
Rank 8: Received data
Root: Sending to rank 10: start_row=639, count=66 rows
Rank 9: Received data
Root: Sending to rank 11: start_row=703, count=66 rows
Rank 10: Received data
Root: Sending to rank 12: start_row=767, count=66 rows
Rank 11: Received data
Root: Sending to rank 13: start_row=831, count=66 rows
Rank 12: Received data
Root: Sending to rank 14: start_row=895, count=66 rows
Rank 13: Received data
Root: Sending to rank 15: start_row=959, count=65 rows
Rank 14: Received data
Root: Distribution complete
Rank 15: Received data
Rank 0: Starting blur filter...
Rank 8: Starting blur filter...
Rank 1: Starting blur filter...
Rank 2: Starting blur filter...
Rank 3: Starting blur filter...
Rank 9: Starting blur filter...
Rank 14: Starting blur filter...
Rank 10: Starting blur filter...
Rank 13: Starting blur filter...
Rank 5: Starting blur filter...
Rank 11: Starting blur filter...
Rank 6: Starting blur filter...
Rank 4: Starting blur filter...
Rank 7: Starting blur filter...
Rank 2: Blur complete
Rank 2: Starting Sobel filter...
Rank 0: Blur complete
Rank 0: Starting Sobel filter...
Rank 1: Blur complete
Rank 1: Starting Sobel filter...
Rank 3: Blur complete
Rank 3: Starting Sobel filter...
Rank 8: Blur complete
Rank 8: Starting Sobel filter...
Rank 9: Blur complete
Rank 9: Starting Sobel filter...
Rank 10: Blur complete
Rank 10: Starting Sobel filter...
Rank 11: Blur complete
Rank 11: Starting Sobel filter...
Rank 13: Blur complete
Rank 13: Starting Sobel filter...
Rank 5: Blur complete
Rank 5: Starting Sobel filter...
Rank 12: Starting blur filter...
Rank 12: Blur complete
Rank 12: Starting Sobel filter...
Rank 4: Blur complete
Rank 4: Starting Sobel filter...
Rank 15: Starting blur filter...
Rank 15: Blur complete
Rank 15: Starting Sobel filter...
Rank 7: Blur complete
Rank 7: Starting Sobel filter...
Rank 6: Blur complete
Rank 6: Starting Sobel filter...
Rank 14: Blur complete
Rank 14: Starting Sobel filter...
Rank 1: Sobel complete
Rank 3: Sobel complete
Rank 15: Sobel complete
Rank 14: Sobel complete
Rank 12: Sobel complete
Rank 4: Sobel complete
Rank 5: Sobel complete
Rank 9: Sobel complete
Rank 7: Sobel complete
Rank 2: Sobel complete
Rank 11: Sobel complete
Rank 10: Sobel complete
Rank 8: Sobel complete
Rank 13: Sobel complete
Rank 0: Sobel complete
Rank 6: Sobel complete
Processing completed in 0.008538 seconds
Writing output: output/sobel_mpi_1024.pgm
Output saved successfully

Run 3:
Reading image: sample_1024.pgm
Image loaded: 1024x1024
MPI processes: 16
Rows per process: 64, Remainder: 0
Rank 0: start_row=0, local_rows_actual=64, with_ghost=65
Rank 0: Allocated buffers successfully
Root: Distributing data...
Root: Copying 262144 bytes to offset 0
Root: Sending to rank 1: start_row=63, count=66 rows
Root: Sending to rank 2: start_row=127, count=66 rows
Root: Sending to rank 3: start_row=191, count=66 rows
Root: Sending to rank 4: start_row=255, count=66 rows
Root: Sending to rank 5: start_row=319, count=66 rows
Rank 1: start_row=64, local_rows_actual=64, with_ghost=66
Rank 1: Allocated buffers successfully
Rank 1: Receiving data...
Rank 1: Received data
Rank 2: start_row=128, local_rows_actual=64, with_ghost=66
Rank 2: Allocated buffers successfully
Rank 2: Receiving data...
Rank 2: Received data
Rank 3: start_row=192, local_rows_actual=64, with_ghost=66
Rank 3: Allocated buffers successfully
Rank 3: Receiving data...
Rank 3: Received data
Rank 8: start_row=512, local_rows_actual=64, with_ghost=66
Rank 8: Allocated buffers successfully
Rank 8: Receiving data...
Rank 13: start_row=832, local_rows_actual=64, with_ghost=66
Rank 13: Allocated buffers successfully
Rank 4: start_row=256, local_rows_actual=64, with_ghost=66
Rank 4: Allocated buffers successfully
Rank 4: Receiving data...
Rank 9: start_row=576, local_rows_actual=64, with_ghost=66
Rank 9: Allocated buffers successfully
Rank 9: Receiving data...
Rank 14: start_row=896, local_rows_actual=64, with_ghost=66
Rank 14: Allocated buffers successfully
Rank 5: start_row=320, local_rows_actual=64, with_ghost=66
Rank 5: Allocated buffers successfully
Rank 5: Receiving data...
Rank 10: start_row=640, local_rows_actual=64, with_ghost=66
Rank 10: Allocated buffers successfully
Rank 10: Receiving data...
Rank 15: start_row=960, local_rows_actual=64, with_ghost=65
Rank 15: Allocated buffers successfully
Rank 6: start_row=384, local_rows_actual=64, with_ghost=66
Rank 6: Allocated buffers successfully
Rank 6: Receiving data...
Rank 11: start_row=704, local_rows_actual=64, with_ghost=66
Rank 11: Allocated buffers successfully
Rank 11: Receiving data...
Rank 12: start_row=768, local_rows_actual=64, with_ghost=66
Rank 12: Allocated buffers successfully
Rank 7: start_row=448, local_rows_actual=64, with_ghost=66
Rank 7: Allocated buffers successfully
Rank 7: Receiving data...
Rank 13: Receiving data...
Rank 14: Receiving data...
Rank 15: Receiving data...
Rank 12: Receiving data...
Rank 4: Received data
Root: Sending to rank 6: start_row=383, count=66 rows
Rank 5: Received data
Root: Sending to rank 7: start_row=447, count=66 rows
Rank 6: Received data
Root: Sending to rank 8: start_row=511, count=66 rows
Rank 7: Received data
Root: Sending to rank 9: start_row=575, count=66 rows
Rank 8: Received data
Root: Sending to rank 10: start_row=639, count=66 rows
Rank 9: Received data
Root: Sending to rank 11: start_row=703, count=66 rows
Rank 10: Received data
Root: Sending to rank 12: start_row=767, count=66 rows
Rank 11: Received data
Root: Sending to rank 13: start_row=831, count=66 rows
Rank 12: Received data
Root: Sending to rank 14: start_row=895, count=66 rows
Rank 13: Received data
Root: Sending to rank 15: start_row=959, count=65 rows
Rank 14: Received data
Root: Distribution complete
Rank 0: Starting blur filter...
Rank 15: Received data
Rank 8: Starting blur filter...
Rank 3: Starting blur filter...
Rank 1: Starting blur filter...
Rank 2: Starting blur filter...
Rank 12: Starting blur filter...
Rank 4: Starting blur filter...
Rank 10: Starting blur filter...
Rank 13: Starting blur filter...
Rank 5: Starting blur filter...
Rank 11: Starting blur filter...
Rank 14: Starting blur filter...
Rank 6: Starting blur filter...
Rank 9: Starting blur filter...
Rank 15: Starting blur filter...
Rank 7: Starting blur filter...
Rank 0: Blur complete
Rank 0: Starting Sobel filter...
Rank 1: Blur complete
Rank 1: Starting Sobel filter...
Rank 3: Blur complete
Rank 3: Starting Sobel filter...
Rank 2: Blur complete
Rank 2: Starting Sobel filter...
Rank 5: Blur complete
Rank 5: Starting Sobel filter...
Rank 4: Blur complete
Rank 4: Starting Sobel filter...
Rank 6: Blur complete
Rank 6: Starting Sobel filter...
Rank 13: Blur complete
Rank 13: Starting Sobel filter...
Rank 7: Blur complete
Rank 7: Starting Sobel filter...
Rank 14: Blur complete
Rank 14: Starting Sobel filter...
Rank 15: Blur complete
Rank 15: Starting Sobel filter...
Rank 12: Blur complete
Rank 12: Starting Sobel filter...
Rank 8: Blur complete
Rank 8: Starting Sobel filter...
Rank 10: Blur complete
Rank 10: Starting Sobel filter...
Rank 11: Blur complete
Rank 11: Starting Sobel filter...
Rank 9: Blur complete
Rank 9: Starting Sobel filter...
Rank 1: Sobel complete
Rank 8: Sobel complete
Rank 3: Sobel complete
Rank 11: Sobel complete
Rank 10: Sobel complete
Rank 0: Sobel complete
Rank 2: Sobel complete
Rank 9: Sobel complete
Rank 15: Sobel complete
Rank 6: Sobel complete
Rank 13: Sobel complete
Rank 4: Sobel complete
Rank 14: Sobel complete
Rank 5: Sobel complete
Rank 12: Sobel complete
Rank 7: Sobel complete
Processing completed in 0.008690 seconds
Writing output: output/sobel_mpi_1024.pgm
Output saved successfully


Testing 4kx4k image
----------------------------
Run 1:
Reading image: sample_4k.pgm
Image loaded: 4000x4000
MPI processes: 16
Rank 1: start_row=250, local_rows_actual=250, with_ghost=252
Rank 1: Allocated buffers successfully
Rank 2: start_row=500, local_rows_actual=250, with_ghost=252
Rank 2: Allocated buffers successfully
Rank 3: start_row=750, local_rows_actual=250, with_ghost=252
Rank 3: Allocated buffers successfully
Rows per process: 250, Remainder: 0
Rank 0: start_row=0, local_rows_actual=250, with_ghost=251
Rank 0: Allocated buffers successfully
Rank 8: start_row=2000, local_rows_actual=250, with_ghost=252
Rank 8: Allocated buffers successfully
Rank 12: start_row=3000, local_rows_actual=250, with_ghost=252
Rank 12: Allocated buffers successfully
Rank 9: start_row=2250, local_rows_actual=250, with_ghost=252
Rank 9: Allocated buffers successfully
Rank 13: start_row=3250, local_rows_actual=250, with_ghost=252
Rank 13: Allocated buffers successfully
Rank 10: start_row=2500, local_rows_actual=250, with_ghost=252
Rank 10: Allocated buffers successfully
Rank 14: start_row=3500, local_rows_actual=250, with_ghost=252
Rank 14: Allocated buffers successfully
Rank 11: start_row=2750, local_rows_actual=250, with_ghost=252
Rank 15: start_row=3750, local_rows_actual=250, with_ghost=251
Rank 15: Allocated buffers successfully
Rank 6: start_row=1500, local_rows_actual=250, with_ghost=252
Rank 6: Allocated buffers successfully
Rank 7: start_row=1750, local_rows_actual=250, with_ghost=252
Rank 7: Allocated buffers successfully
Rank 4: start_row=1000, local_rows_actual=250, with_ghost=252
Rank 4: Allocated buffers successfully
Rank 5: start_row=1250, local_rows_actual=250, with_ghost=252
Rank 5: Allocated buffers successfully
Rank 11: Allocated buffers successfully
Rank 3: Receiving data...
Rank 1: Receiving data...
Rank 2: Receiving data...
Rank 10: Receiving data...
Root: Distributing data...
Root: Copying 4000000 bytes to offset 0
Rank 8: Receiving data...
Rank 9: Receiving data...
Rank 14: Receiving data...
Rank 13: Receiving data...
Rank 12: Receiving data...
Rank 6: Receiving data...
Rank 5: Receiving data...
Rank 15: Receiving data...
Rank 4: Receiving data...
Rank 11: Receiving data...
Rank 7: Receiving data...
Root: Sending to rank 1: start_row=249, count=252 rows
Rank 1: Received data
Root: Sending to rank 2: start_row=499, count=252 rows
Rank 2: Received data
Root: Sending to rank 3: start_row=749, count=252 rows
Root: Sending to rank 4: start_row=999, count=252 rows
Rank 3: Received data
Root: Sending to rank 5: start_row=1249, count=252 rows
Rank 4: Received data
Root: Sending to rank 6: start_row=1499, count=252 rows
Rank 5: Received data
Root: Sending to rank 7: start_row=1749, count=252 rows
Rank 6: Received data
Root: Sending to rank 8: start_row=1999, count=252 rows
Rank 7: Received data
Root: Sending to rank 9: start_row=2249, count=252 rows
Rank 8: Received data
Root: Sending to rank 10: start_row=2499, count=252 rows
Rank 9: Received data
Root: Sending to rank 11: start_row=2749, count=252 rows
Rank 10: Received data
Root: Sending to rank 12: start_row=2999, count=252 rows
Rank 11: Received data
Root: Sending to rank 13: start_row=3249, count=252 rows
Rank 12: Received data
Root: Sending to rank 14: start_row=3499, count=252 rows
Rank 13: Received data
Root: Sending to rank 15: start_row=3749, count=251 rows
Rank 14: Received data
Root: Distribution complete
Rank 15: Received data
Rank 0: Starting blur filter...
Rank 2: Starting blur filter...
Rank 8: Starting blur filter...
Rank 3: Starting blur filter...
Rank 1: Starting blur filter...
Rank 10: Starting blur filter...
Rank 11: Starting blur filter...
Rank 9: Starting blur filter...
Rank 6: Starting blur filter...
Rank 4: Starting blur filter...
Rank 5: Starting blur filter...
Rank 7: Starting blur filter...
Rank 13: Starting blur filter...
Rank 14: Starting blur filter...
Rank 15: Starting blur filter...
Rank 12: Starting blur filter...
Rank 2: Blur complete
Rank 2: Starting Sobel filter...
Rank 6: Blur complete
Rank 6: Starting Sobel filter...
Rank 3: Blur complete
Rank 3: Starting Sobel filter...
Rank 4: Blur complete
Rank 4: Starting Sobel filter...
Rank 5: Blur complete
Rank 5: Starting Sobel filter...
Rank 1: Blur complete
Rank 1: Starting Sobel filter...
Rank 7: Blur complete
Rank 7: Starting Sobel filter...
Rank 0: Blur complete
Rank 0: Starting Sobel filter...
Rank 8: Blur complete
Rank 8: Starting Sobel filter...
Rank 10: Blur complete
Rank 10: Starting Sobel filter...
Rank 9: Blur complete
Rank 9: Starting Sobel filter...
Rank 11: Blur complete
Rank 11: Starting Sobel filter...
Rank 13: Blur complete
Rank 13: Starting Sobel filter...
Rank 14: Blur complete
Rank 14: Starting Sobel filter...
Rank 15: Blur complete
Rank 15: Starting Sobel filter...
Rank 12: Blur complete
Rank 12: Starting Sobel filter...
Rank 5: Sobel complete
Rank 6: Sobel complete
Rank 4: Sobel complete
Rank 7: Sobel complete
Rank 2: Sobel complete
Rank 3: Sobel complete
Rank 0: Sobel complete
Rank 1: Sobel complete
Rank 8: Sobel complete
Rank 10: Sobel complete
Rank 13: Sobel complete
Rank 9: Sobel complete
Rank 15: Sobel complete
Rank 11: Sobel complete
Rank 14: Sobel complete
Rank 12: Sobel complete
Processing completed in 0.119100 seconds
Writing output: output/sobel_mpi_4k.pgm
Output saved successfully

Run 2:
Reading image: sample_4k.pgm
Image loaded: 4000x4000
MPI processes: 16
Rank 1: start_row=250, local_rows_actual=250, with_ghost=252
Rank 1: Allocated buffers successfully
Rank 2: start_row=500, local_rows_actual=250, with_ghost=252
Rank 2: Allocated buffers successfully
Rank 3: start_row=750, local_rows_actual=250, with_ghost=252
Rank 3: Allocated buffers successfully
Rows per process: 250, Remainder: 0
Rank 0: start_row=0, local_rows_actual=250, with_ghost=251
Rank 0: Allocated buffers successfully
Rank 4: start_row=1000, local_rows_actual=250, with_ghost=252
Rank 4: Allocated buffers successfully
Rank 5: start_row=1250, local_rows_actual=250, with_ghost=252
Rank 5: Allocated buffers successfully
Rank 6: start_row=1500, local_rows_actual=250, with_ghost=252
Rank 6: Allocated buffers successfully
Rank 7: start_row=1750, local_rows_actual=250, with_ghost=252
Rank 7: Allocated buffers successfully
Rank 11: start_row=2750, local_rows_actual=250, with_ghost=252
Rank 11: Allocated buffers successfully
Rank 8: start_row=2000, local_rows_actual=250, with_ghost=252
Rank 8: Allocated buffers successfully
Rank 9: start_row=2250, local_rows_actual=250, with_ghost=252
Rank 9: Allocated buffers successfully
Rank 10: start_row=2500, local_rows_actual=250, with_ghost=252
Rank 10: Allocated buffers successfully
Rank 15: start_row=3750, local_rows_actual=250, with_ghost=251
Rank 15: Allocated buffers successfully
Rank 12: start_row=3000, local_rows_actual=250, with_ghost=252
Rank 12: Allocated buffers successfully
Rank 13: start_row=3250, local_rows_actual=250, with_ghost=252
Rank 13: Allocated buffers successfully
Rank 14: start_row=3500, local_rows_actual=250, with_ghost=252
Rank 14: Allocated buffers successfully
Rank 2: Receiving data...
Root: Distributing data...
Root: Copying 4000000 bytes to offset 0
Rank 1: Receiving data...
Rank 3: Receiving data...
Rank 8: Receiving data...
Rank 11: Receiving data...
Rank 5: Receiving data...
Rank 14: Receiving data...
Rank 6: Receiving data...
Rank 15: Receiving data...
Rank 7: Receiving data...
Rank 13: Receiving data...
Rank 9: Receiving data...
Rank 10: Receiving data...
Rank 12: Receiving data...
Rank 1: Received data
Root: Sending to rank 1: start_row=249, count=252 rows
Root: Sending to rank 2: start_row=499, count=252 rows
Rank 4: Receiving data...
Rank 2: Received data
Root: Sending to rank 3: start_row=749, count=252 rows
Rank 3: Received data
Root: Sending to rank 4: start_row=999, count=252 rows
Root: Sending to rank 5: start_row=1249, count=252 rows
Rank 4: Received data
Root: Sending to rank 6: start_row=1499, count=252 rows
Rank 5: Received data
Root: Sending to rank 7: start_row=1749, count=252 rows
Rank 6: Received data
Root: Sending to rank 8: start_row=1999, count=252 rows
Rank 7: Received data
Root: Sending to rank 9: start_row=2249, count=252 rows
Rank 8: Received data
Root: Sending to rank 10: start_row=2499, count=252 rows
Rank 9: Received data
Root: Sending to rank 11: start_row=2749, count=252 rows
Rank 10: Received data
Root: Sending to rank 12: start_row=2999, count=252 rows
Rank 11: Received data
Root: Sending to rank 13: start_row=3249, count=252 rows
Rank 12: Received data
Root: Sending to rank 14: start_row=3499, count=252 rows
Rank 13: Received data
Root: Sending to rank 15: start_row=3749, count=251 rows
Rank 14: Received data
Root: Distribution complete
Rank 1: Starting blur filter...
Rank 3: Starting blur filter...
Rank 15: Received data
Rank 15: Starting blur filter...
Rank 9: Starting blur filter...
Rank 14: Starting blur filter...
Rank 11: Starting blur filter...
Rank 2: Starting blur filter...
Rank 13: Starting blur filter...
Rank 8: Starting blur filter...
Rank 6: Starting blur filter...
Rank 12: Starting blur filter...
Rank 10: Starting blur filter...
Rank 5: Starting blur filter...
Rank 7: Starting blur filter...
Rank 4: Starting blur filter...
Rank 0: Starting blur filter...
Rank 1: Blur complete
Rank 1: Starting Sobel filter...
Rank 3: Blur complete
Rank 3: Starting Sobel filter...
Rank 13: Blur complete
Rank 13: Starting Sobel filter...
Rank 2: Blur complete
Rank 2: Starting Sobel filter...
Rank 15: Blur complete
Rank 15: Starting Sobel filter...
Rank 14: Blur complete
Rank 14: Starting Sobel filter...
Rank 9: Blur complete
Rank 9: Starting Sobel filter...
Rank 12: Blur complete
Rank 12: Starting Sobel filter...
Rank 11: Blur complete
Rank 11: Starting Sobel filter...
Rank 8: Blur complete
Rank 8: Starting Sobel filter...
Rank 10: Blur complete
Rank 10: Starting Sobel filter...
Rank 6: Blur complete
Rank 6: Starting Sobel filter...
Rank 5: Blur complete
Rank 5: Starting Sobel filter...
Rank 7: Blur complete
Rank 7: Starting Sobel filter...
Rank 0: Blur complete
Rank 0: Starting Sobel filter...
Rank 4: Blur complete
Rank 4: Starting Sobel filter...
Rank 15: Sobel complete
Rank 8: Sobel complete
Rank 14: Sobel complete
Rank 9: Sobel complete
Rank 2: Sobel complete
Rank 6: Sobel complete
Rank 5: Sobel complete
Rank 13: Sobel complete
Rank 7: Sobel complete
Rank 4: Sobel complete
Rank 3: Sobel complete
Rank 0: Sobel complete
Rank 10: Sobel complete
Rank 11: Sobel complete
Rank 1: Sobel complete
Rank 12: Sobel complete
Processing completed in 0.124823 seconds
Writing output: output/sobel_mpi_4k.pgm
Output saved successfully

Run 3:
Reading image: sample_4k.pgm
Image loaded: 4000x4000
MPI processes: 16
Rank 1: start_row=250, local_rows_actual=250, with_ghost=252
Rank 1: Allocated buffers successfully
Rank 2: start_row=500, local_rows_actual=250, with_ghost=252
Rank 2: Allocated buffers successfully
Rank 3: start_row=750, local_rows_actual=250, with_ghost=252
Rank 3: Allocated buffers successfully
Rows per process: 250, Remainder: 0
Rank 0: start_row=0, local_rows_actual=250, with_ghost=251
Rank 0: Allocated buffers successfully
Rank 10: start_row=2500, local_rows_actual=250, with_ghost=252
Rank 10: Allocated buffers successfully
Rank 4: start_row=1000, local_rows_actual=250, with_ghost=252
Rank 4: Allocated buffers successfully
Rank 11: start_row=2750, local_rows_actual=250, with_ghost=252
Rank 11: Allocated buffers successfully
Rank 5: start_row=1250, local_rows_actual=250, with_ghost=252
Rank 5: Allocated buffers successfully
Rank 8: start_row=2000, local_rows_actual=250, with_ghost=252
Rank 8: Allocated buffers successfully
Rank 12: start_row=3000, local_rows_actual=250, with_ghost=252
Rank 12: Allocated buffers successfully
Rank 6: start_row=1500, local_rows_actual=250, with_ghost=252
Rank 6: Allocated buffers successfully
Rank 9: start_row=2250, local_rows_actual=250, with_ghost=252
Rank 13: start_row=3250, local_rows_actual=250, with_ghost=252
Rank 13: Allocated buffers successfully
Rank 7: start_row=1750, local_rows_actual=250, with_ghost=252
Rank 7: Allocated buffers successfully
Rank 14: start_row=3500, local_rows_actual=250, with_ghost=252
Rank 14: Allocated buffers successfully
Rank 15: start_row=3750, local_rows_actual=250, with_ghost=251
Rank 15: Allocated buffers successfully
Rank 9: Allocated buffers successfully
Rank 1: Receiving data...
Rank 2: Receiving data...
Rank 3: Receiving data...
Root: Distributing data...
Root: Copying 4000000 bytes to offset 0
Rank 7: Receiving data...
Rank 4: Receiving data...
Rank 5: Receiving data...
Rank 12: Receiving data...
Rank 13: Receiving data...
Rank 15: Receiving data...
Rank 10: Receiving data...
Rank 6: Receiving data...
Rank 14: Receiving data...
Rank 11: Receiving data...
Rank 8: Receiving data...
Rank 9: Receiving data...
Root: Sending to rank 1: start_row=249, count=252 rows
Rank 1: Received data
Root: Sending to rank 2: start_row=499, count=252 rows
Rank 2: Received data
Root: Sending to rank 3: start_row=749, count=252 rows
Rank 3: Received data
Root: Sending to rank 4: start_row=999, count=252 rows
Root: Sending to rank 5: start_row=1249, count=252 rows
Rank 4: Received data
Root: Sending to rank 6: start_row=1499, count=252 rows
Rank 5: Received data
Root: Sending to rank 7: start_row=1749, count=252 rows
Rank 6: Received data
Root: Sending to rank 8: start_row=1999, count=252 rows
Rank 7: Received data
Root: Sending to rank 9: start_row=2249, count=252 rows
Rank 8: Received data
Root: Sending to rank 10: start_row=2499, count=252 rows
Rank 9: Received data
Root: Sending to rank 11: start_row=2749, count=252 rows
Rank 10: Received data
Root: Sending to rank 12: start_row=2999, count=252 rows
Rank 11: Received data
Root: Sending to rank 13: start_row=3249, count=252 rows
Rank 12: Received data
Root: Sending to rank 14: start_row=3499, count=252 rows
Rank 13: Received data
Root: Sending to rank 15: start_row=3749, count=251 rows
Rank 14: Received data
Root: Distribution complete
Rank 1: Starting blur filter...
Rank 3: Starting blur filter...
Rank 2: Starting blur filter...
Rank 6: Starting blur filter...
Rank 9: Starting blur filter...
Rank 5: Starting blur filter...
Rank 11: Starting blur filter...
Rank 12: Starting blur filter...
Rank 4: Starting blur filter...
Rank 8: Starting blur filter...
Rank 13: Starting blur filter...
Rank 7: Starting blur filter...
Rank 10: Starting blur filter...
Rank 15: Received data
Rank 15: Starting blur filter...
Rank 14: Starting blur filter...
Rank 0: Starting blur filter...
Rank 1: Blur complete
Rank 1: Starting Sobel filter...
Rank 15: Blur complete
Rank 15: Starting Sobel filter...
Rank 13: Blur complete
Rank 13: Starting Sobel filter...
Rank 2: Blur complete
Rank 2: Starting Sobel filter...
Rank 3: Blur complete
Rank 3: Starting Sobel filter...
Rank 9: Blur complete
Rank 9: Starting Sobel filter...
Rank 8: Blur complete
Rank 8: Starting Sobel filter...
Rank 11: Blur complete
Rank 11: Starting Sobel filter...
Rank 10: Blur complete
Rank 10: Starting Sobel filter...
Rank 0: Blur complete
Rank 0: Starting Sobel filter...
Rank 4: Blur complete
Rank 4: Starting Sobel filter...
Rank 5: Blur complete
Rank 5: Starting Sobel filter...
Rank 7: Blur complete
Rank 7: Starting Sobel filter...
Rank 6: Blur complete
Rank 6: Starting Sobel filter...
Rank 14: Blur complete
Rank 14: Starting Sobel filter...
Rank 12: Blur complete
Rank 12: Starting Sobel filter...
Rank 15: Sobel complete
Rank 13: Sobel complete
Rank 2: Sobel complete
Rank 1: Sobel complete
Rank 0: Sobel complete
Rank 8: Sobel complete
Rank 5: Sobel complete
Rank 10: Sobel complete
Rank 7: Sobel complete
Rank 11: Sobel complete
Rank 4: Sobel complete
Rank 9: Sobel complete
Rank 6: Sobel complete
Rank 14: Sobel complete
Rank 12: Sobel complete
Rank 3: Sobel complete
Processing completed in 0.124571 seconds
Writing output: output/sobel_mpi_4k.pgm
Output saved successfully


Testing 16kx16k image
----------------------------
Run 1:
Reading image: sample_16k.pgm
Image loaded: 16384x16384
MPI processes: 16
Rank 1: start_row=1024, local_rows_actual=1024, with_ghost=1026
Rank 1: Allocated buffers successfully
Rank 2: start_row=2048, local_rows_actual=1024, with_ghost=1026
Rank 2: Allocated buffers successfully
Rank 3: start_row=3072, local_rows_actual=1024, with_ghost=1026
Rank 3: Allocated buffers successfully
Rows per process: 1024, Remainder: 0
Rank 0: start_row=0, local_rows_actual=1024, with_ghost=1025
Rank 0: Allocated buffers successfully
Rank 12: start_row=12288, local_rows_actual=1024, with_ghost=1026
Rank 12: Allocated buffers successfully
Rank 13: start_row=13312, local_rows_actual=1024, with_ghost=1026
Rank 13: Allocated buffers successfully
Rank 14: start_row=14336, local_rows_actual=1024, with_ghost=1026
Rank 14: Allocated buffers successfully
Rank 15: start_row=15360, local_rows_actual=1024, with_ghost=1025
Rank 15: Allocated buffers successfully
Rank 10: start_row=10240, local_rows_actual=1024, with_ghost=1026
Rank 10: Allocated buffers successfully
Rank 11: start_row=11264, local_rows_actual=1024, with_ghost=1026
Rank 11: Allocated buffers successfully
Rank 8: start_row=8192, local_rows_actual=1024, with_ghost=1026
Rank 8: Allocated buffers successfully
Rank 9: start_row=9216, local_rows_actual=1024, with_ghost=1026
Rank 9: Allocated buffers successfully
Rank 4: start_row=4096, local_rows_actual=1024, with_ghost=1026
Rank 4: Allocated buffers successfully
Rank 5: start_row=5120, local_rows_actual=1024, with_ghost=1026
Rank 5: Allocated buffers successfully
Rank 6: start_row=6144, local_rows_actual=1024, with_ghost=1026
Rank 6: Allocated buffers successfully
Rank 7: start_row=7168, local_rows_actual=1024, with_ghost=1026
Rank 7: Allocated buffers successfully
Rank 8: Receiving data...
Rank 11: Receiving data...
Rank 3: Receiving data...
Rank 2: Receiving data...
Rank 9: Receiving data...
Rank 10: Receiving data...
Rank 7: Receiving data...
Rank 1: Receiving data...
Rank 4: Receiving data...
Rank 6: Receiving data...
Root: Distributing data...
Root: Copying 67108864 bytes to offset 0
Rank 15: Receiving data...
Rank 13: Receiving data...
Rank 14: Receiving data...
Rank 5: Receiving data...
Rank 12: Receiving data...
Root: Sending to rank 1: start_row=1023, count=1026 rows
Rank 1: Received data
Root: Sending to rank 2: start_row=2047, count=1026 rows
Rank 2: Received data
Root: Sending to rank 3: start_row=3071, count=1026 rows
Rank 3: Received data
Root: Sending to rank 4: start_row=4095, count=1026 rows
Root: Sending to rank 5: start_row=5119, count=1026 rows
Rank 4: Received data
Root: Sending to rank 6: start_row=6143, count=1026 rows
Rank 5: Received data
Root: Sending to rank 7: start_row=7167, count=1026 rows
Rank 6: Received data
Root: Sending to rank 8: start_row=8191, count=1026 rows
Rank 7: Received data
Root: Sending to rank 9: start_row=9215, count=1026 rows
Rank 8: Received data
Root: Sending to rank 10: start_row=10239, count=1026 rows
Rank 9: Received data
Root: Sending to rank 11: start_row=11263, count=1026 rows
Rank 10: Received data
Root: Sending to rank 12: start_row=12287, count=1026 rows
Rank 11: Received data
Root: Sending to rank 13: start_row=13311, count=1026 rows
Rank 12: Received data
Root: Sending to rank 14: start_row=14335, count=1026 rows
Rank 13: Received data
Root: Sending to rank 15: start_row=15359, count=1025 rows
Rank 14: Received data
Root: Distribution complete
Rank 1: Starting blur filter...
Rank 2: Starting blur filter...
Rank 3: Starting blur filter...
Rank 13: Starting blur filter...
Rank 15: Received data
Rank 15: Starting blur filter...
Rank 5: Starting blur filter...
Rank 12: Starting blur filter...
Rank 4: Starting blur filter...
Rank 7: Starting blur filter...
Rank 9: Starting blur filter...
Rank 14: Starting blur filter...
Rank 6: Starting blur filter...
Rank 10: Starting blur filter...
Rank 11: Starting blur filter...
Rank 8: Starting blur filter...
Rank 0: Starting blur filter...
Rank 3: Blur complete
Rank 3: Starting Sobel filter...
Rank 7: Blur complete
Rank 7: Starting Sobel filter...
Rank 9: Blur complete
Rank 9: Starting Sobel filter...
Rank 8: Blur complete
Rank 8: Starting Sobel filter...
Rank 10: Blur complete
Rank 10: Starting Sobel filter...
Rank 15: Blur complete
Rank 15: Starting Sobel filter...
Rank 13: Blur complete
Rank 13: Starting Sobel filter...
Rank 6: Blur complete
Rank 6: Starting Sobel filter...
Rank 5: Blur complete
Rank 5: Starting Sobel filter...
Rank 2: Blur complete
Rank 2: Starting Sobel filter...
Rank 11: Blur complete
Rank 11: Starting Sobel filter...
Rank 14: Blur complete
Rank 14: Starting Sobel filter...
Rank 0: Blur complete
Rank 0: Starting Sobel filter...
Rank 1: Blur complete
Rank 1: Starting Sobel filter...
Rank 4: Blur complete
Rank 4: Starting Sobel filter...
Rank 12: Blur complete
Rank 12: Starting Sobel filter...
Rank 9: Sobel complete
Rank 3: Sobel complete
Rank 10: Sobel complete
Rank 2: Sobel complete
Rank 7: Sobel complete
Rank 8: Sobel complete
Rank 15: Sobel complete
Rank 6: Sobel complete
Rank 5: Sobel complete
Rank 11: Sobel complete
Rank 1: Sobel complete
Rank 13: Sobel complete
Rank 4: Sobel complete
Rank 12: Sobel complete
Rank 0: Sobel complete
Rank 14: Sobel complete
Processing completed in 2.097750 seconds
Writing output: output/sobel_mpi_16k.pgm
Output saved successfully

Run 2:
Reading image: sample_16k.pgm
Image loaded: 16384x16384
MPI processes: 16
Rank 1: start_row=1024, local_rows_actual=1024, with_ghost=1026
Rank 1: Allocated buffers successfully
Rank 2: start_row=2048, local_rows_actual=1024, with_ghost=1026
Rank 2: Allocated buffers successfully
Rank 3: start_row=3072, local_rows_actual=1024, with_ghost=1026
Rank 3: Allocated buffers successfully
Rows per process: 1024, Remainder: 0
Rank 0: start_row=0, local_rows_actual=1024, with_ghost=1025
Rank 0: Allocated buffers successfully
Rank 7: start_row=7168, local_rows_actual=1024, with_ghost=1026
Rank 7: Allocated buffers successfully
Rank 4: start_row=4096, local_rows_actual=1024, with_ghost=1026
Rank 4: Allocated buffers successfully
Rank 5: start_row=5120, local_rows_actual=1024, with_ghost=1026
Rank 5: Allocated buffers successfully
Rank 6: start_row=6144, local_rows_actual=1024, with_ghost=1026
Rank 6: Allocated buffers successfully
Rank 8: start_row=8192, local_rows_actual=1024, with_ghost=1026
Rank 8: Allocated buffers successfully
Rank 9: start_row=9216, local_rows_actual=1024, with_ghost=1026
Rank 9: Allocated buffers successfully
Rank 10: start_row=10240, local_rows_actual=1024, with_ghost=1026
Rank 10: Allocated buffers successfully
Rank 11: start_row=11264, local_rows_actual=1024, with_ghost=1026
Rank 11: Allocated buffers successfully
Rank 13: start_row=13312, local_rows_actual=1024, with_ghost=1026
Rank 13: Allocated buffers successfully
Rank 14: start_row=14336, local_rows_actual=1024, with_ghost=1026
Rank 14: Allocated buffers successfully
Rank 15: start_row=15360, local_rows_actual=1024, with_ghost=1025
Rank 15: Allocated buffers successfully
Rank 12: start_row=12288, local_rows_actual=1024, with_ghost=1026
Rank 12: Allocated buffers successfully
Root: Distributing data...
Root: Copying 67108864 bytes to offset 0
Rank 11: Receiving data...
Rank 10: Receiving data...
Rank 8: Receiving data...
Rank 3: Receiving data...
Rank 9: Receiving data...
Rank 12: Receiving data...
Rank 15: Receiving data...
Rank 1: Receiving data...
Rank 13: Receiving data...
Rank 4: Receiving data...
Rank 5: Receiving data...
Rank 6: Receiving data...
Rank 7: Receiving data...
Rank 2: Receiving data...
Rank 14: Receiving data...
Root: Sending to rank 1: start_row=1023, count=1026 rows
Rank 1: Received data
Root: Sending to rank 2: start_row=2047, count=1026 rows
Root: Sending to rank 3: start_row=3071, count=1026 rows
Rank 2: Received data
Rank 3: Received data
Root: Sending to rank 4: start_row=4095, count=1026 rows
Root: Sending to rank 5: start_row=5119, count=1026 rows
Rank 4: Received data
Root: Sending to rank 6: start_row=6143, count=1026 rows
Rank 5: Received data
Root: Sending to rank 7: start_row=7167, count=1026 rows
Rank 6: Received data
Root: Sending to rank 8: start_row=8191, count=1026 rows
Rank 7: Received data
Root: Sending to rank 9: start_row=9215, count=1026 rows
Rank 8: Received data
Root: Sending to rank 10: start_row=10239, count=1026 rows
Rank 9: Received data
Root: Sending to rank 11: start_row=11263, count=1026 rows
Rank 10: Received data
Root: Sending to rank 12: start_row=12287, count=1026 rows
Rank 11: Received data
Root: Sending to rank 13: start_row=13311, count=1026 rows
Rank 12: Received data
Root: Sending to rank 14: start_row=14335, count=1026 rows
Rank 13: Received data
Root: Sending to rank 15: start_row=15359, count=1025 rows
Rank 14: Received data
Root: Distribution complete
Rank 15: Received data
Rank 3: Starting blur filter...
Rank 1: Starting blur filter...
Rank 2: Starting blur filter...
Rank 14: Starting blur filter...
Rank 5: Starting blur filter...
Rank 6: Starting blur filter...
Rank 13: Starting blur filter...
Rank 7: Starting blur filter...
Rank 15: Starting blur filter...
Rank 10: Starting blur filter...
Rank 12: Starting blur filter...
Rank 11: Starting blur filter...
Rank 4: Starting blur filter...
Rank 9: Starting blur filter...
Rank 8: Starting blur filter...
Rank 0: Starting blur filter...
Rank 15: Blur complete
Rank 15: Starting Sobel filter...
Rank 11: Blur complete
Rank 11: Starting Sobel filter...
Rank 12: Blur complete
Rank 12: Starting Sobel filter...
Rank 4: Blur complete
Rank 4: Starting Sobel filter...
Rank 6: Blur complete
Rank 6: Starting Sobel filter...
Rank 5: Blur complete
Rank 5: Starting Sobel filter...
Rank 10: Blur complete
Rank 10: Starting Sobel filter...
Rank 13: Blur complete
Rank 13: Starting Sobel filter...
Rank 9: Blur complete
Rank 9: Starting Sobel filter...
Rank 7: Blur complete
Rank 7: Starting Sobel filter...
Rank 8: Blur complete
Rank 8: Starting Sobel filter...
Rank 1: Blur complete
Rank 1: Starting Sobel filter...
Rank 14: Blur complete
Rank 14: Starting Sobel filter...
Rank 3: Blur complete
Rank 3: Starting Sobel filter...
Rank 2: Blur complete
Rank 2: Starting Sobel filter...
Rank 0: Blur complete
Rank 0: Starting Sobel filter...
Rank 6: Sobel complete
Rank 15: Sobel complete
Rank 7: Sobel complete
Rank 10: Sobel complete
Rank 8: Sobel complete
Rank 12: Sobel complete
Rank 1: Sobel complete
Rank 3: Sobel complete
Rank 9: Sobel complete
Rank 2: Sobel complete
Rank 4: Sobel complete
Rank 13: Sobel complete
Rank 11: Sobel complete
Rank 0: Sobel complete
Rank 5: Sobel complete
Rank 14: Sobel complete
Processing completed in 2.145394 seconds
Writing output: output/sobel_mpi_16k.pgm
Output saved successfully

Run 3:
Reading image: sample_16k.pgm
Image loaded: 16384x16384
MPI processes: 16
Rank 1: start_row=1024, local_rows_actual=1024, with_ghost=1026
Rank 1: Allocated buffers successfully
Rank 2: start_row=2048, local_rows_actual=1024, with_ghost=1026
Rank 2: Allocated buffers successfully
Rank 3: start_row=3072, local_rows_actual=1024, with_ghost=1026
Rank 3: Allocated buffers successfully
Rows per process: 1024, Remainder: 0
Rank 0: start_row=0, local_rows_actual=1024, with_ghost=1025
Rank 0: Allocated buffers successfully
Rank 9: start_row=9216, local_rows_actual=1024, with_ghost=1026
Rank 9: Allocated buffers successfully
Rank 10: start_row=10240, local_rows_actual=1024, with_ghost=1026
Rank 10: Allocated buffers successfully
Rank 11: start_row=11264, local_rows_actual=1024, with_ghost=1026
Rank 11: Allocated buffers successfully
Rank 8: start_row=8192, local_rows_actual=1024, with_ghost=1026
Rank 8: Allocated buffers successfully
Rank 15: start_row=15360, local_rows_actual=1024, with_ghost=1025
Rank 15: Allocated buffers successfully
Rank 12: start_row=12288, local_rows_actual=1024, with_ghost=1026
Rank 12: Allocated buffers successfully
Rank 13: start_row=13312, local_rows_actual=1024, with_ghost=1026
Rank 13: Allocated buffers successfully
Rank 14: start_row=14336, local_rows_actual=1024, with_ghost=1026
Rank 14: Allocated buffers successfully
Rank 4: start_row=4096, local_rows_actual=1024, with_ghost=1026
Rank 4: Allocated buffers successfully
Rank 5: start_row=5120, local_rows_actual=1024, with_ghost=1026
Rank 5: Allocated buffers successfully
Rank 6: start_row=6144, local_rows_actual=1024, with_ghost=1026
Rank 6: Allocated buffers successfully
Rank 7: start_row=7168, local_rows_actual=1024, with_ghost=1026
Rank 7: Allocated buffers successfully
Rank 3: Receiving data...
Rank 1: Receiving data...
Rank 2: Receiving data...
Root: Distributing data...
Root: Copying 67108864 bytes to offset 0
Rank 11: Receiving data...
Rank 4: Receiving data...
Rank 13: Receiving data...
Rank 7: Receiving data...
Rank 12: Receiving data...
Rank 10: Receiving data...
Rank 8: Receiving data...
Rank 14: Receiving data...
Rank 9: Receiving data...
Rank 15: Receiving data...
Rank 5: Receiving data...
Rank 6: Receiving data...
Root: Sending to rank 1: start_row=1023, count=1026 rows
Rank 1: Received data
Root: Sending to rank 2: start_row=2047, count=1026 rows
Root: Sending to rank 3: start_row=3071, count=1026 rows
Rank 2: Received data
Root: Sending to rank 4: start_row=4095, count=1026 rows
Rank 3: Received data
Root: Sending to rank 5: start_row=5119, count=1026 rows
Rank 4: Received data
Root: Sending to rank 6: start_row=6143, count=1026 rows
Rank 5: Received data
Root: Sending to rank 7: start_row=7167, count=1026 rows
Rank 6: Received data
Root: Sending to rank 8: start_row=8191, count=1026 rows
Rank 7: Received data
Root: Sending to rank 9: start_row=9215, count=1026 rows
Rank 8: Received data
Root: Sending to rank 10: start_row=10239, count=1026 rows
Rank 9: Received data
Root: Sending to rank 11: start_row=11263, count=1026 rows
Rank 10: Received data
Root: Sending to rank 12: start_row=12287, count=1026 rows
Rank 11: Received data
Root: Sending to rank 13: start_row=13311, count=1026 rows
Rank 12: Received data
Root: Sending to rank 14: start_row=14335, count=1026 rows
Rank 13: Received data
Root: Sending to rank 15: start_row=15359, count=1025 rows
Rank 14: Received data
Root: Distribution complete
Rank 3: Starting blur filter...
Rank 2: Starting blur filter...
Rank 0: Starting blur filter...
Rank 12: Starting blur filter...
Rank 1: Starting blur filter...
Rank 15: Received data
Rank 15: Starting blur filter...
Rank 14: Starting blur filter...
Rank 13: Starting blur filter...
Rank 6: Starting blur filter...
Rank 4: Starting blur filter...
Rank 7: Starting blur filter...
Rank 5: Starting blur filter...
Rank 11: Starting blur filter...
Rank 8: Starting blur filter...
Rank 10: Starting blur filter...
Rank 9: Starting blur filter...
Rank 11: Blur complete
Rank 11: Starting Sobel filter...
Rank 8: Blur complete
Rank 8: Starting Sobel filter...
Rank 13: Blur complete
Rank 13: Starting Sobel filter...
Rank 15: Blur complete
Rank 15: Starting Sobel filter...
Rank 9: Blur complete
Rank 9: Starting Sobel filter...
Rank 10: Blur complete
Rank 10: Starting Sobel filter...
Rank 14: Blur complete
Rank 14: Starting Sobel filter...
Rank 6: Blur complete
Rank 6: Starting Sobel filter...
Rank 2: Blur complete
Rank 2: Starting Sobel filter...
Rank 12: Blur complete
Rank 12: Starting Sobel filter...
Rank 1: Blur complete
Rank 1: Starting Sobel filter...
Rank 0: Blur complete
Rank 0: Starting Sobel filter...
Rank 5: Blur complete
Rank 5: Starting Sobel filter...
Rank 3: Blur complete
Rank 3: Starting Sobel filter...
Rank 7: Blur complete
Rank 7: Starting Sobel filter...
Rank 4: Blur complete
Rank 4: Starting Sobel filter...
Rank 11: Sobel complete
Rank 8: Sobel complete
Rank 9: Sobel complete
Rank 1: Sobel complete
Rank 2: Sobel complete
Rank 10: Sobel complete
Rank 6: Sobel complete
Rank 12: Sobel complete
Rank 14: Sobel complete
Rank 13: Sobel complete
Rank 5: Sobel complete
Rank 3: Sobel complete
Rank 0: Sobel complete
Rank 15: Sobel complete
Rank 4: Sobel complete
Rank 7: Sobel complete
Processing completed in 2.183643 seconds
Writing output: output/sobel_mpi_16k.pgm
Output saved successfully


==========================================
Test completed: Multi_Node_16_Processes
==========================================
